[ 2017-06-11T00:02:18+08:00 ] ::1 /myblog/Home/Index/index
INFO: [ app_init ] --START--
INFO: Run Behavior\BuildLiteBehavior [ RunTime:0.000016s ]
INFO: [ app_init ] --END-- [ RunTime:0.001026s ]
INFO: [ app_begin ] --START--
INFO: Run Behavior\ReadHtmlCacheBehavior [ RunTime:0.001123s ]
INFO: [ app_begin ] --END-- [ RunTime:0.001201s ]
SQL: SHOW COLUMNS FROM `t_cat` [ RunTime:0.0118s ]
SQL: SELECT * FROM `t_cat` ORDER BY cat_id desc LIMIT 0,5   [ RunTime:0.0008s ]
SQL: SHOW COLUMNS FROM `t_art` [ RunTime:0.0145s ]
SQL: SELECT * FROM `t_art` ORDER BY art_id desc LIMIT 0,5   [ RunTime:0.0012s ]
SQL: SELECT * FROM `t_art` ORDER BY art_click desc LIMIT 0,5   [ RunTime:0.0013s ]
SQL: SELECT * FROM `t_art` ORDER BY art_pubtime desc LIMIT 0,5   [ RunTime:0.0012s ]
SQL: SELECT COUNT(*) AS tp_count FROM `t_art` LIMIT 1   [ RunTime:0.0008s ]
INFO: [ view_parse ] --START--
INFO: [ template_filter ] --START--
INFO: Run Behavior\ContentReplaceBehavior [ RunTime:0.000119s ]
INFO: [ template_filter ] --END-- [ RunTime:0.000228s ]
INFO: Run Behavior\ParseTemplateBehavior [ RunTime:0.018639s ]
INFO: [ view_parse ] --END-- [ RunTime:0.018748s ]
INFO: [ view_filter ] --START--
INFO: Run Behavior\WriteHtmlCacheBehavior [ RunTime:0.001027s ]
INFO: [ view_filter ] --END-- [ RunTime:0.001101s ]
INFO: [ app_end ] --START--
INFO: Run Behavior\ShowPageTraceBehavior [ RunTime:0.001417s ]
INFO: [ app_end ] --END-- [ RunTime:0.001490s ]

[ 2017-06-11T00:02:50+08:00 ] ::1 /myblog/Home/Index/index
INFO: [ app_init ] --START--
INFO: Run Behavior\BuildLiteBehavior [ RunTime:0.000020s ]
INFO: [ app_init ] --END-- [ RunTime:0.001354s ]
INFO: [ app_begin ] --START--
INFO: Run Behavior\ReadHtmlCacheBehavior [ RunTime:0.001573s ]
INFO: [ app_begin ] --END-- [ RunTime:0.001666s ]
SQL: SHOW COLUMNS FROM `t_cat` [ RunTime:0.0120s ]
SQL: SELECT * FROM `t_cat` ORDER BY cat_id desc LIMIT 0,5   [ RunTime:0.0006s ]
SQL: SHOW COLUMNS FROM `t_art` [ RunTime:0.0127s ]
SQL: SELECT * FROM `t_art` ORDER BY art_id desc LIMIT 0,5   [ RunTime:0.0007s ]
SQL: SELECT * FROM `t_art` ORDER BY art_click desc LIMIT 0,5   [ RunTime:0.0005s ]
SQL: SELECT * FROM `t_art` ORDER BY art_pubtime desc LIMIT 0,5   [ RunTime:0.0006s ]
SQL: SELECT COUNT(*) AS tp_count FROM `t_art` LIMIT 1   [ RunTime:0.0003s ]
INFO: [ view_parse ] --START--
INFO: [ template_filter ] --START--
INFO: Run Behavior\ContentReplaceBehavior [ RunTime:0.000050s ]
INFO: [ template_filter ] --END-- [ RunTime:0.000114s ]
INFO: Run Behavior\ParseTemplateBehavior [ RunTime:0.014298s ]
INFO: [ view_parse ] --END-- [ RunTime:0.014375s ]
INFO: [ view_filter ] --START--
INFO: Run Behavior\WriteHtmlCacheBehavior [ RunTime:0.000649s ]
INFO: [ view_filter ] --END-- [ RunTime:0.000721s ]
INFO: [ app_end ] --START--
INFO: Run Behavior\ShowPageTraceBehavior [ RunTime:0.000968s ]
INFO: [ app_end ] --END-- [ RunTime:0.001034s ]

[ 2017-06-11T00:05:07+08:00 ] ::1 /myblog/Home/Art/artDetail/art_id/50.html
INFO: [ app_init ] --START--
INFO: Run Behavior\BuildLiteBehavior [ RunTime:0.000028s ]
INFO: [ app_init ] --END-- [ RunTime:0.001160s ]
INFO: [ app_begin ] --START--
INFO: Run Behavior\ReadHtmlCacheBehavior [ RunTime:0.001185s ]
INFO: [ app_begin ] --END-- [ RunTime:0.001279s ]
SQL: SHOW COLUMNS FROM `t_art` [ RunTime:0.0199s ]
SQL: SELECT * FROM `t_art` WHERE `art_id` = 50 LIMIT 1   [ RunTime:0.0009s ]
SQL: UPDATE `t_art` SET `art_click`='6' WHERE `art_id` = 50 [ RunTime:0.0007s ]
SQL: SHOW COLUMNS FROM `t_cat` [ RunTime:0.0120s ]
NOTIC: [8] Undefined index: art_catid D:\phpStudy\WWW\myblog\Application\Home\Controller\ArtController.class.php 第 14 行.
SQL: SELECT * FROM `t_cat` WHERE `cat_id` = null LIMIT 1   [ RunTime:0.0006s ]
INFO: [ view_parse ] --START--
INFO: [ template_filter ] --START--
INFO: Run Behavior\ContentReplaceBehavior [ RunTime:0.000069s ]
INFO: [ template_filter ] --END-- [ RunTime:0.000153s ]
NOTIC: [8] Undefined index: cat_name D:\phpStudy\WWW\myblog\Application\Runtime\Cache\Home\eca80f747a867b79e708e083aa37d978.php 第 39 行.
INFO: Run Behavior\ParseTemplateBehavior [ RunTime:0.015286s ]
INFO: [ view_parse ] --END-- [ RunTime:0.015354s ]
INFO: [ view_filter ] --START--
INFO: Run Behavior\WriteHtmlCacheBehavior [ RunTime:0.000809s ]
INFO: [ view_filter ] --END-- [ RunTime:0.000878s ]
INFO: [ app_end ] --START--
INFO: Run Behavior\ShowPageTraceBehavior [ RunTime:0.001243s ]
INFO: [ app_end ] --END-- [ RunTime:0.001311s ]

[ 2017-06-11T00:06:32+08:00 ] ::1 /myblog/Home/Index/index
INFO: [ app_init ] --START--
INFO: Run Behavior\BuildLiteBehavior [ RunTime:0.000015s ]
INFO: [ app_init ] --END-- [ RunTime:0.000739s ]
INFO: [ app_begin ] --START--
INFO: Run Behavior\ReadHtmlCacheBehavior [ RunTime:0.001108s ]
INFO: [ app_begin ] --END-- [ RunTime:0.001193s ]
SQL: SHOW COLUMNS FROM `t_cat` [ RunTime:0.0307s ]
SQL: SELECT * FROM `t_cat` ORDER BY cat_id desc LIMIT 0,5   [ RunTime:0.0019s ]
SQL: SHOW COLUMNS FROM `t_art` [ RunTime:0.0395s ]
SQL: SELECT * FROM `t_art` ORDER BY art_id desc LIMIT 0,5   [ RunTime:0.0024s ]
SQL: SELECT * FROM `t_art` ORDER BY art_click desc LIMIT 0,5   [ RunTime:0.0033s ]
SQL: SELECT * FROM `t_art` ORDER BY art_pubtime desc LIMIT 0,5   [ RunTime:0.0024s ]
SQL: SELECT COUNT(*) AS tp_count FROM `t_art` LIMIT 1   [ RunTime:0.0010s ]
INFO: [ view_parse ] --START--
INFO: [ template_filter ] --START--
INFO: Run Behavior\ContentReplaceBehavior [ RunTime:0.000138s ]
INFO: [ template_filter ] --END-- [ RunTime:0.000309s ]
INFO: Run Behavior\ParseTemplateBehavior [ RunTime:0.037449s ]
INFO: [ view_parse ] --END-- [ RunTime:0.037627s ]
INFO: [ view_filter ] --START--
INFO: Run Behavior\WriteHtmlCacheBehavior [ RunTime:0.001540s ]
INFO: [ view_filter ] --END-- [ RunTime:0.001704s ]
INFO: [ app_end ] --START--
INFO: Run Behavior\ShowPageTraceBehavior [ RunTime:0.002394s ]
INFO: [ app_end ] --END-- [ RunTime:0.002559s ]

[ 2017-06-11T00:06:57+08:00 ] ::1 /myblog/Home/Art/artDetail/art_id/50.html
INFO: [ app_init ] --START--
INFO: Run Behavior\BuildLiteBehavior [ RunTime:0.000015s ]
INFO: [ app_init ] --END-- [ RunTime:0.000726s ]
INFO: [ app_begin ] --START--
INFO: Run Behavior\ReadHtmlCacheBehavior [ RunTime:0.000851s ]
INFO: [ app_begin ] --END-- [ RunTime:0.000921s ]
SQL: SHOW COLUMNS FROM `t_art` [ RunTime:0.0111s ]
SQL: SELECT * FROM `t_art` WHERE `art_id` = 50 LIMIT 1   [ RunTime:0.0009s ]
SQL: UPDATE `t_art` SET `art_click`='7' WHERE `art_id` = 50 [ RunTime:0.0007s ]
SQL: SHOW COLUMNS FROM `t_cat` [ RunTime:0.0095s ]
NOTIC: [8] Undefined index: art_catid D:\phpStudy\WWW\myblog\Application\Home\Controller\ArtController.class.php 第 14 行.
SQL: SELECT * FROM `t_cat` WHERE `cat_id` = null LIMIT 1   [ RunTime:0.0005s ]
INFO: [ view_parse ] --START--
INFO: [ template_filter ] --START--
INFO: Run Behavior\ContentReplaceBehavior [ RunTime:0.000054s ]
INFO: [ template_filter ] --END-- [ RunTime:0.000149s ]
NOTIC: [8] Undefined index: cat_name D:\phpStudy\WWW\myblog\Application\Runtime\Cache\Home\eca80f747a867b79e708e083aa37d978.php 第 39 行.
INFO: Run Behavior\ParseTemplateBehavior [ RunTime:0.010925s ]
INFO: [ view_parse ] --END-- [ RunTime:0.011030s ]
INFO: [ view_filter ] --START--
INFO: Run Behavior\WriteHtmlCacheBehavior [ RunTime:0.000744s ]
INFO: [ view_filter ] --END-- [ RunTime:0.000813s ]
INFO: [ app_end ] --START--
INFO: Run Behavior\ShowPageTraceBehavior [ RunTime:0.001084s ]
INFO: [ app_end ] --END-- [ RunTime:0.001163s ]

[ 2017-06-11T00:07:30+08:00 ] ::1 /myblog/Home/Index/index
INFO: [ app_init ] --START--
INFO: Run Behavior\BuildLiteBehavior [ RunTime:0.000022s ]
INFO: [ app_init ] --END-- [ RunTime:0.001147s ]
INFO: [ app_begin ] --START--
INFO: Run Behavior\ReadHtmlCacheBehavior [ RunTime:0.003387s ]
INFO: [ app_begin ] --END-- [ RunTime:0.003491s ]
SQL: SHOW COLUMNS FROM `t_cat` [ RunTime:0.0265s ]
SQL: SELECT * FROM `t_cat` ORDER BY cat_id desc LIMIT 0,5   [ RunTime:0.0015s ]
SQL: SHOW COLUMNS FROM `t_art` [ RunTime:0.0361s ]
SQL: SELECT * FROM `t_art` ORDER BY art_id desc LIMIT 0,5   [ RunTime:0.0024s ]
SQL: SELECT * FROM `t_art` ORDER BY art_click desc LIMIT 0,5   [ RunTime:0.0022s ]
SQL: SELECT * FROM `t_art` ORDER BY art_pubtime desc LIMIT 0,5   [ RunTime:0.0022s ]
SQL: SELECT COUNT(*) AS tp_count FROM `t_art` LIMIT 1   [ RunTime:0.0015s ]
INFO: [ view_parse ] --START--
INFO: [ template_filter ] --START--
INFO: Run Behavior\ContentReplaceBehavior [ RunTime:0.000133s ]
INFO: [ template_filter ] --END-- [ RunTime:0.000303s ]
INFO: Run Behavior\ParseTemplateBehavior [ RunTime:0.039648s ]
INFO: [ view_parse ] --END-- [ RunTime:0.039828s ]
INFO: [ view_filter ] --START--
INFO: Run Behavior\WriteHtmlCacheBehavior [ RunTime:0.002799s ]
INFO: [ view_filter ] --END-- [ RunTime:0.003006s ]
INFO: [ app_end ] --START--
INFO: Run Behavior\ShowPageTraceBehavior [ RunTime:0.005307s ]
INFO: [ app_end ] --END-- [ RunTime:0.005537s ]

[ 2017-06-11T00:07:42+08:00 ] ::1 /myblog/Home/Index/index
INFO: [ app_init ] --START--
INFO: Run Behavior\BuildLiteBehavior [ RunTime:0.000038s ]
INFO: [ app_init ] --END-- [ RunTime:0.002528s ]
INFO: [ app_begin ] --START--
INFO: Run Behavior\ReadHtmlCacheBehavior [ RunTime:0.033380s ]
INFO: [ app_begin ] --END-- [ RunTime:0.033644s ]
SQL: SHOW COLUMNS FROM `t_cat` [ RunTime:0.0263s ]
SQL: SELECT * FROM `t_cat` ORDER BY cat_id desc LIMIT 0,5   [ RunTime:0.0014s ]
SQL: SHOW COLUMNS FROM `t_art` [ RunTime:0.0300s ]
SQL: SELECT * FROM `t_art` ORDER BY art_id desc LIMIT 0,5   [ RunTime:0.0032s ]
SQL: SELECT * FROM `t_art` ORDER BY art_click desc LIMIT 0,5   [ RunTime:0.0021s ]
SQL: SELECT * FROM `t_art` ORDER BY art_pubtime desc LIMIT 0,5   [ RunTime:0.0020s ]
SQL: SELECT COUNT(*) AS tp_count FROM `t_art` LIMIT 1   [ RunTime:0.0013s ]
INFO: [ view_parse ] --START--
INFO: [ template_filter ] --START--
INFO: Run Behavior\ContentReplaceBehavior [ RunTime:0.000128s ]
INFO: [ template_filter ] --END-- [ RunTime:0.000287s ]
INFO: Run Behavior\ParseTemplateBehavior [ RunTime:0.036299s ]
INFO: [ view_parse ] --END-- [ RunTime:0.036508s ]
INFO: [ view_filter ] --START--
INFO: Run Behavior\WriteHtmlCacheBehavior [ RunTime:0.001647s ]
INFO: [ view_filter ] --END-- [ RunTime:0.001806s ]
INFO: [ app_end ] --START--
INFO: Run Behavior\ShowPageTraceBehavior [ RunTime:0.002246s ]
INFO: [ app_end ] --END-- [ RunTime:0.002403s ]

[ 2017-06-11T00:08:38+08:00 ] ::1 /myblog/Home/Index/index
INFO: [ app_init ] --START--
INFO: Run Behavior\BuildLiteBehavior [ RunTime:0.000017s ]
INFO: [ app_init ] --END-- [ RunTime:0.000814s ]
INFO: [ app_begin ] --START--
INFO: Run Behavior\ReadHtmlCacheBehavior [ RunTime:0.001455s ]
INFO: [ app_begin ] --END-- [ RunTime:0.001576s ]
SQL: SHOW COLUMNS FROM `t_cat` [ RunTime:0.0139s ]
SQL: SELECT * FROM `t_cat` ORDER BY cat_id desc LIMIT 0,5   [ RunTime:0.0009s ]
SQL: SHOW COLUMNS FROM `t_art` [ RunTime:0.0146s ]
SQL: SELECT * FROM `t_art` ORDER BY art_id desc LIMIT 0,5   [ RunTime:0.0018s ]
SQL: SELECT * FROM `t_art` ORDER BY art_click desc LIMIT 0,5   [ RunTime:0.0011s ]
SQL: SELECT * FROM `t_art` ORDER BY art_pubtime desc LIMIT 0,5   [ RunTime:0.0010s ]
SQL: SELECT COUNT(*) AS tp_count FROM `t_art` LIMIT 1   [ RunTime:0.0005s ]
INFO: [ view_parse ] --START--
INFO: [ template_filter ] --START--
INFO: Run Behavior\ContentReplaceBehavior [ RunTime:0.000055s ]
INFO: [ template_filter ] --END-- [ RunTime:0.000129s ]
INFO: Run Behavior\ParseTemplateBehavior [ RunTime:0.015534s ]
INFO: [ view_parse ] --END-- [ RunTime:0.015625s ]
INFO: [ view_filter ] --START--
INFO: Run Behavior\WriteHtmlCacheBehavior [ RunTime:0.000972s ]
INFO: [ view_filter ] --END-- [ RunTime:0.001049s ]
INFO: [ app_end ] --START--
INFO: Run Behavior\ShowPageTraceBehavior [ RunTime:0.001130s ]
INFO: [ app_end ] --END-- [ RunTime:0.001206s ]

[ 2017-06-11T00:08:50+08:00 ] ::1 /myblog/Home/Art/artDetail/art_id/50.html
INFO: [ app_init ] --START--
INFO: Run Behavior\BuildLiteBehavior [ RunTime:0.000035s ]
INFO: [ app_init ] --END-- [ RunTime:0.002029s ]
INFO: [ app_begin ] --START--
INFO: Run Behavior\ReadHtmlCacheBehavior [ RunTime:0.051230s ]
INFO: [ app_begin ] --END-- [ RunTime:0.051427s ]
SQL: SHOW COLUMNS FROM `t_art` [ RunTime:0.0291s ]
SQL: SELECT * FROM `t_art` WHERE `art_id` = 50 LIMIT 1   [ RunTime:0.0021s ]
SQL: UPDATE `t_art` SET `art_click`='8' WHERE `art_id` = 50 [ RunTime:0.0025s ]
SQL: SHOW COLUMNS FROM `t_cat` [ RunTime:0.0239s ]
NOTIC: [8] Undefined index: art_catid D:\phpStudy\WWW\myblog\Application\Home\Controller\ArtController.class.php 第 14 行.
SQL: SELECT * FROM `t_cat` WHERE `cat_id` = null LIMIT 1   [ RunTime:0.0011s ]
INFO: [ view_parse ] --START--
INFO: [ template_filter ] --START--
INFO: Run Behavior\ContentReplaceBehavior [ RunTime:0.000118s ]
INFO: [ template_filter ] --END-- [ RunTime:0.000291s ]
NOTIC: [8] Undefined index: cat_name D:\phpStudy\WWW\myblog\Application\Runtime\Cache\Home\eca80f747a867b79e708e083aa37d978.php 第 39 行.
INFO: Run Behavior\ParseTemplateBehavior [ RunTime:0.025975s ]
INFO: [ view_parse ] --END-- [ RunTime:0.026155s ]
INFO: [ view_filter ] --START--
INFO: Run Behavior\WriteHtmlCacheBehavior [ RunTime:0.001454s ]
INFO: [ view_filter ] --END-- [ RunTime:0.001635s ]
INFO: [ app_end ] --START--
INFO: Run Behavior\ShowPageTraceBehavior [ RunTime:0.002634s ]
INFO: [ app_end ] --END-- [ RunTime:0.002843s ]

[ 2017-06-11T00:12:32+08:00 ] ::1 /myblog/Home/Index/index
INFO: [ app_init ] --START--
INFO: Run Behavior\BuildLiteBehavior [ RunTime:0.000028s ]
INFO: [ app_init ] --END-- [ RunTime:0.002656s ]
INFO: [ app_begin ] --START--
INFO: Run Behavior\ReadHtmlCacheBehavior [ RunTime:0.001324s ]
INFO: [ app_begin ] --END-- [ RunTime:0.001411s ]
SQL: SHOW COLUMNS FROM `t_cat` [ RunTime:0.0127s ]
SQL: SELECT * FROM `t_cat` ORDER BY cat_id desc LIMIT 0,5   [ RunTime:0.0009s ]
SQL: SHOW COLUMNS FROM `t_art` [ RunTime:0.0135s ]
SQL: SELECT * FROM `t_art` ORDER BY art_id desc LIMIT 0,5   [ RunTime:0.0013s ]
SQL: SELECT * FROM `t_art` ORDER BY art_click desc LIMIT 0,5   [ RunTime:0.0012s ]
SQL: SELECT * FROM `t_art` ORDER BY art_pubtime desc LIMIT 0,5   [ RunTime:0.0012s ]
SQL: SELECT COUNT(*) AS tp_count FROM `t_art` LIMIT 1   [ RunTime:0.0006s ]
INFO: [ view_parse ] --START--
INFO: [ template_filter ] --START--
INFO: Run Behavior\ContentReplaceBehavior [ RunTime:0.000092s ]
INFO: [ template_filter ] --END-- [ RunTime:0.000181s ]
INFO: Run Behavior\ParseTemplateBehavior [ RunTime:0.020458s ]
INFO: [ view_parse ] --END-- [ RunTime:0.020544s ]
INFO: [ view_filter ] --START--
INFO: Run Behavior\WriteHtmlCacheBehavior [ RunTime:0.000886s ]
INFO: [ view_filter ] --END-- [ RunTime:0.000951s ]
INFO: [ app_end ] --START--
INFO: Run Behavior\ShowPageTraceBehavior [ RunTime:0.001208s ]
INFO: [ app_end ] --END-- [ RunTime:0.001277s ]

[ 2017-06-11T00:13:06+08:00 ] ::1 /myblog/Home/Index/index
INFO: [ app_init ] --START--
INFO: Run Behavior\BuildLiteBehavior [ RunTime:0.000042s ]
INFO: [ app_init ] --END-- [ RunTime:0.002973s ]
INFO: [ app_begin ] --START--
INFO: Run Behavior\ReadHtmlCacheBehavior [ RunTime:0.007526s ]
INFO: [ app_begin ] --END-- [ RunTime:0.007752s ]
SQL: SHOW COLUMNS FROM `t_cat` [ RunTime:0.0284s ]
SQL: SELECT * FROM `t_cat` ORDER BY cat_id desc LIMIT 0,5   [ RunTime:0.0015s ]
SQL: SHOW COLUMNS FROM `t_art` [ RunTime:0.0368s ]
SQL: SELECT * FROM `t_art` ORDER BY art_id desc LIMIT 0,5   [ RunTime:0.0022s ]
SQL: SELECT * FROM `t_art` ORDER BY art_click desc LIMIT 0,5   [ RunTime:0.0020s ]
SQL: SELECT * FROM `t_art` ORDER BY art_pubtime desc LIMIT 0,5   [ RunTime:0.0025s ]
SQL: SELECT COUNT(*) AS tp_count FROM `t_art` LIMIT 1   [ RunTime:0.0011s ]
INFO: [ view_parse ] --START--
INFO: [ template_filter ] --START--
INFO: Run Behavior\ContentReplaceBehavior [ RunTime:0.000133s ]
INFO: [ template_filter ] --END-- [ RunTime:0.000306s ]
INFO: Run Behavior\ParseTemplateBehavior [ RunTime:0.040908s ]
INFO: [ view_parse ] --END-- [ RunTime:0.041138s ]
INFO: [ view_filter ] --START--
INFO: Run Behavior\WriteHtmlCacheBehavior [ RunTime:0.003704s ]
INFO: [ view_filter ] --END-- [ RunTime:0.003878s ]
INFO: [ app_end ] --START--
INFO: Run Behavior\ShowPageTraceBehavior [ RunTime:0.004615s ]
INFO: [ app_end ] --END-- [ RunTime:0.004808s ]

[ 2017-06-11T00:15:58+08:00 ] ::1 /myblog/Home/Index/index
INFO: [ app_init ] --START--
INFO: Run Behavior\BuildLiteBehavior [ RunTime:0.000039s ]
INFO: [ app_init ] --END-- [ RunTime:0.004667s ]
INFO: [ app_begin ] --START--
INFO: Run Behavior\ReadHtmlCacheBehavior [ RunTime:0.045993s ]
INFO: [ app_begin ] --END-- [ RunTime:0.046295s ]
SQL: SHOW COLUMNS FROM `t_cat` [ RunTime:0.0302s ]
SQL: SELECT * FROM `t_cat` ORDER BY cat_id desc LIMIT 0,5   [ RunTime:0.0015s ]
SQL: SHOW COLUMNS FROM `t_art` [ RunTime:0.0386s ]
SQL: SELECT * FROM `t_art` ORDER BY art_id desc LIMIT 0,5   [ RunTime:0.0025s ]
SQL: SELECT * FROM `t_art` ORDER BY art_click desc LIMIT 0,5   [ RunTime:0.0023s ]
SQL: SELECT * FROM `t_art` ORDER BY art_pubtime desc LIMIT 0,5   [ RunTime:0.0024s ]
SQL: SELECT COUNT(*) AS tp_count FROM `t_art` LIMIT 1   [ RunTime:0.0014s ]
INFO: [ view_parse ] --START--
INFO: [ template_filter ] --START--
INFO: Run Behavior\ContentReplaceBehavior [ RunTime:0.000135s ]
INFO: [ template_filter ] --END-- [ RunTime:0.000353s ]
INFO: Run Behavior\ParseTemplateBehavior [ RunTime:0.056683s ]
INFO: [ view_parse ] --END-- [ RunTime:0.056867s ]
INFO: [ view_filter ] --START--
INFO: Run Behavior\WriteHtmlCacheBehavior [ RunTime:0.002964s ]
INFO: [ view_filter ] --END-- [ RunTime:0.003169s ]
INFO: [ app_end ] --START--
INFO: Run Behavior\ShowPageTraceBehavior [ RunTime:0.003839s ]
INFO: [ app_end ] --END-- [ RunTime:0.004030s ]

[ 2017-06-11T00:17:16+08:00 ] ::1 /myblog/Home/Index/index
INFO: [ app_init ] --START--
INFO: Run Behavior\BuildLiteBehavior [ RunTime:0.000034s ]
INFO: [ app_init ] --END-- [ RunTime:0.001843s ]
INFO: [ app_begin ] --START--
INFO: Run Behavior\ReadHtmlCacheBehavior [ RunTime:0.009006s ]
INFO: [ app_begin ] --END-- [ RunTime:0.009216s ]
SQL: SHOW COLUMNS FROM `t_cat` [ RunTime:0.0284s ]
SQL: SELECT * FROM `t_cat` ORDER BY cat_id desc LIMIT 0,5   [ RunTime:0.0014s ]
SQL: SHOW COLUMNS FROM `t_art` [ RunTime:0.0378s ]
SQL: SELECT * FROM `t_art` ORDER BY art_id desc LIMIT 0,5   [ RunTime:0.0025s ]
SQL: SELECT * FROM `t_art` ORDER BY art_click desc LIMIT 0,5   [ RunTime:0.0023s ]
SQL: SELECT * FROM `t_art` ORDER BY art_pubtime desc LIMIT 0,5   [ RunTime:0.0022s ]
SQL: SELECT COUNT(*) AS tp_count FROM `t_art` LIMIT 1   [ RunTime:0.0011s ]
INFO: [ view_parse ] --START--
INFO: [ template_filter ] --START--
INFO: Run Behavior\ContentReplaceBehavior [ RunTime:0.000137s ]
INFO: [ template_filter ] --END-- [ RunTime:0.000312s ]
INFO: Run Behavior\ParseTemplateBehavior [ RunTime:0.039701s ]
INFO: [ view_parse ] --END-- [ RunTime:0.039905s ]
INFO: [ view_filter ] --START--
INFO: Run Behavior\WriteHtmlCacheBehavior [ RunTime:0.001933s ]
INFO: [ view_filter ] --END-- [ RunTime:0.002351s ]
INFO: [ app_end ] --START--
INFO: Run Behavior\ShowPageTraceBehavior [ RunTime:0.002966s ]
INFO: [ app_end ] --END-- [ RunTime:0.003156s ]

[ 2017-06-11T00:18:40+08:00 ] ::1 /myblog/Home/Index/index
INFO: [ app_init ] --START--
INFO: Run Behavior\BuildLiteBehavior [ RunTime:0.000030s ]
INFO: [ app_init ] --END-- [ RunTime:0.002263s ]
INFO: [ app_begin ] --START--
INFO: Run Behavior\ReadHtmlCacheBehavior [ RunTime:0.006338s ]
INFO: [ app_begin ] --END-- [ RunTime:0.006541s ]
SQL: SHOW COLUMNS FROM `t_cat` [ RunTime:0.0111s ]
SQL: SELECT * FROM `t_cat` ORDER BY cat_id desc LIMIT 0,5   [ RunTime:0.0010s ]
SQL: SHOW COLUMNS FROM `t_art` [ RunTime:0.0133s ]
SQL: SELECT * FROM `t_art` ORDER BY art_id desc LIMIT 0,5   [ RunTime:0.0013s ]
SQL: SELECT * FROM `t_art` ORDER BY art_click desc LIMIT 0,5   [ RunTime:0.0011s ]
SQL: SELECT * FROM `t_art` ORDER BY art_pubtime desc LIMIT 0,5   [ RunTime:0.0011s ]
SQL: SELECT COUNT(*) AS tp_count FROM `t_art` LIMIT 1   [ RunTime:0.0004s ]
INFO: [ view_parse ] --START--
INFO: [ template_filter ] --START--
INFO: Run Behavior\ContentReplaceBehavior [ RunTime:0.000061s ]
INFO: [ template_filter ] --END-- [ RunTime:0.000135s ]
INFO: Run Behavior\ParseTemplateBehavior [ RunTime:0.018359s ]
INFO: [ view_parse ] --END-- [ RunTime:0.018435s ]
INFO: [ view_filter ] --START--
INFO: Run Behavior\WriteHtmlCacheBehavior [ RunTime:0.001007s ]
INFO: [ view_filter ] --END-- [ RunTime:0.001078s ]
INFO: [ app_end ] --START--
INFO: Run Behavior\ShowPageTraceBehavior [ RunTime:0.001637s ]
INFO: [ app_end ] --END-- [ RunTime:0.001734s ]

[ 2017-06-11T00:19:13+08:00 ] ::1 /myblog/Home/Index/index.html
INFO: [ app_init ] --START--
INFO: Run Behavior\BuildLiteBehavior [ RunTime:0.000014s ]
INFO: [ app_init ] --END-- [ RunTime:0.000677s ]
INFO: [ app_begin ] --START--
INFO: Run Behavior\ReadHtmlCacheBehavior [ RunTime:0.000844s ]
INFO: [ app_begin ] --END-- [ RunTime:0.000912s ]
SQL: SHOW COLUMNS FROM `t_cat` [ RunTime:0.0257s ]
SQL: SELECT * FROM `t_cat` ORDER BY cat_id desc LIMIT 0,5   [ RunTime:0.0022s ]
SQL: SHOW COLUMNS FROM `t_art` [ RunTime:0.0409s ]
SQL: SELECT * FROM `t_art` ORDER BY art_id desc LIMIT 0,5   [ RunTime:0.0023s ]
SQL: SELECT * FROM `t_art` ORDER BY art_click desc LIMIT 0,5   [ RunTime:0.0024s ]
SQL: SELECT * FROM `t_art` ORDER BY art_pubtime desc LIMIT 0,5   [ RunTime:0.0026s ]
SQL: SELECT COUNT(*) AS tp_count FROM `t_art` LIMIT 1   [ RunTime:0.0014s ]
INFO: [ view_parse ] --START--
INFO: [ template_filter ] --START--
INFO: Run Behavior\ContentReplaceBehavior [ RunTime:0.000132s ]
INFO: [ template_filter ] --END-- [ RunTime:0.000307s ]
INFO: Run Behavior\ParseTemplateBehavior [ RunTime:0.036221s ]
INFO: [ view_parse ] --END-- [ RunTime:0.036391s ]
INFO: [ view_filter ] --START--
INFO: Run Behavior\WriteHtmlCacheBehavior [ RunTime:0.001720s ]
INFO: [ view_filter ] --END-- [ RunTime:0.001902s ]
INFO: [ app_end ] --START--
INFO: Run Behavior\ShowPageTraceBehavior [ RunTime:0.002614s ]
INFO: [ app_end ] --END-- [ RunTime:0.002793s ]

[ 2017-06-11T00:19:33+08:00 ] ::1 /myblog/Home/Art/artDetail/art_id/50.html
INFO: [ app_init ] --START--
INFO: Run Behavior\BuildLiteBehavior [ RunTime:0.000022s ]
INFO: [ app_init ] --END-- [ RunTime:0.000852s ]
INFO: [ app_begin ] --START--
INFO: Run Behavior\ReadHtmlCacheBehavior [ RunTime:0.000959s ]
INFO: [ app_begin ] --END-- [ RunTime:0.001045s ]
SQL: SHOW COLUMNS FROM `t_art` [ RunTime:0.0205s ]
SQL: SELECT * FROM `t_art` WHERE `art_id` = 50 LIMIT 1   [ RunTime:0.0009s ]
SQL: UPDATE `t_art` SET `art_click`='9' WHERE `art_id` = 50 [ RunTime:0.0008s ]
SQL: SHOW COLUMNS FROM `t_cat` [ RunTime:0.0115s ]
NOTIC: [8] Undefined index: art_catid D:\phpStudy\WWW\myblog\Application\Home\Controller\ArtController.class.php 第 14 行.
SQL: SELECT * FROM `t_cat` WHERE `cat_id` = null LIMIT 1   [ RunTime:0.0008s ]
INFO: [ view_parse ] --START--
INFO: [ template_filter ] --START--
INFO: Run Behavior\ContentReplaceBehavior [ RunTime:0.000053s ]
INFO: [ template_filter ] --END-- [ RunTime:0.000133s ]
NOTIC: [8] Undefined index: cat_name D:\phpStudy\WWW\myblog\Application\Runtime\Cache\Home\eca80f747a867b79e708e083aa37d978.php 第 39 行.
INFO: Run Behavior\ParseTemplateBehavior [ RunTime:0.011154s ]
INFO: [ view_parse ] --END-- [ RunTime:0.011244s ]
INFO: [ view_filter ] --START--
INFO: Run Behavior\WriteHtmlCacheBehavior [ RunTime:0.001134s ]
INFO: [ view_filter ] --END-- [ RunTime:0.001231s ]
INFO: [ app_end ] --START--
INFO: Run Behavior\ShowPageTraceBehavior [ RunTime:0.000961s ]
INFO: [ app_end ] --END-- [ RunTime:0.001028s ]

[ 2017-06-11T00:23:36+08:00 ] ::1 /myblog/Home/Art/artDetail/art_id/50.html
INFO: [ app_init ] --START--
INFO: Run Behavior\BuildLiteBehavior [ RunTime:0.000024s ]
INFO: [ app_init ] --END-- [ RunTime:0.000887s ]
INFO: [ app_begin ] --START--
INFO: Run Behavior\ReadHtmlCacheBehavior [ RunTime:0.000969s ]
INFO: [ app_begin ] --END-- [ RunTime:0.001042s ]
SQL: SHOW COLUMNS FROM `t_art` [ RunTime:0.0120s ]
SQL: SELECT * FROM `t_art` WHERE `art_id` = 50 LIMIT 1   [ RunTime:0.0011s ]
SQL: UPDATE `t_art` SET `art_click`='10' WHERE `art_id` = 50 [ RunTime:0.0007s ]
SQL: SHOW COLUMNS FROM `t_cat` [ RunTime:0.0116s ]
NOTIC: [8] Undefined index: art_catid D:\phpStudy\WWW\myblog\Application\Home\Controller\ArtController.class.php 第 14 行.
SQL: SELECT * FROM `t_cat` WHERE `cat_id` = null LIMIT 1   [ RunTime:0.0007s ]
INFO: [ view_parse ] --START--
INFO: [ template_filter ] --START--
INFO: Run Behavior\ContentReplaceBehavior [ RunTime:0.000067s ]
INFO: [ template_filter ] --END-- [ RunTime:0.000142s ]
NOTIC: [8] Undefined index: cat_name D:\phpStudy\WWW\myblog\Application\Runtime\Cache\Home\eca80f747a867b79e708e083aa37d978.php 第 39 行.
INFO: Run Behavior\ParseTemplateBehavior [ RunTime:0.017168s ]
INFO: [ view_parse ] --END-- [ RunTime:0.017237s ]
INFO: [ view_filter ] --START--
INFO: Run Behavior\WriteHtmlCacheBehavior [ RunTime:0.001067s ]
INFO: [ view_filter ] --END-- [ RunTime:0.001150s ]
INFO: [ app_end ] --START--
INFO: Run Behavior\ShowPageTraceBehavior [ RunTime:0.001521s ]
INFO: [ app_end ] --END-- [ RunTime:0.001632s ]

[ 2017-06-11T00:25:00+08:00 ] ::1 /myblog/Home/Index/index.html
INFO: [ app_init ] --START--
INFO: Run Behavior\BuildLiteBehavior [ RunTime:0.000013s ]
INFO: [ app_init ] --END-- [ RunTime:0.000592s ]
INFO: [ app_begin ] --START--
INFO: Run Behavior\ReadHtmlCacheBehavior [ RunTime:0.000778s ]
INFO: [ app_begin ] --END-- [ RunTime:0.000844s ]
SQL: SHOW COLUMNS FROM `t_cat` [ RunTime:0.0542s ]
SQL: SELECT * FROM `t_cat` ORDER BY cat_id desc LIMIT 0,5   [ RunTime:0.0006s ]
SQL: SHOW COLUMNS FROM `t_art` [ RunTime:0.1133s ]
SQL: SELECT * FROM `t_art` ORDER BY art_id desc LIMIT 0,5   [ RunTime:0.0013s ]
SQL: SELECT * FROM `t_art` ORDER BY art_click desc LIMIT 0,5   [ RunTime:0.0012s ]
SQL: SELECT * FROM `t_art` ORDER BY art_pubtime desc LIMIT 0,5   [ RunTime:0.0013s ]
SQL: SELECT COUNT(*) AS tp_count FROM `t_art` LIMIT 1   [ RunTime:0.0008s ]
INFO: [ view_parse ] --START--
INFO: [ template_filter ] --START--
INFO: Run Behavior\ContentReplaceBehavior [ RunTime:0.000055s ]
INFO: [ template_filter ] --END-- [ RunTime:0.000122s ]
INFO: Run Behavior\ParseTemplateBehavior [ RunTime:0.015848s ]
INFO: [ view_parse ] --END-- [ RunTime:0.015973s ]
INFO: [ view_filter ] --START--
INFO: Run Behavior\WriteHtmlCacheBehavior [ RunTime:0.000994s ]
INFO: [ view_filter ] --END-- [ RunTime:0.001117s ]
INFO: [ app_end ] --START--
INFO: Run Behavior\ShowPageTraceBehavior [ RunTime:0.001291s ]
INFO: [ app_end ] --END-- [ RunTime:0.001364s ]

[ 2017-06-11T00:29:11+08:00 ] ::1 /myblog/Home/Index/index
INFO: [ app_init ] --START--
INFO: Run Behavior\BuildLiteBehavior [ RunTime:0.000177s ]
INFO: [ app_init ] --END-- [ RunTime:0.002760s ]
INFO: [ app_begin ] --START--
INFO: Run Behavior\ReadHtmlCacheBehavior [ RunTime:0.047808s ]
INFO: [ app_begin ] --END-- [ RunTime:0.051248s ]
SQL: SHOW COLUMNS FROM `t_cat` [ RunTime:0.0249s ]
SQL: SELECT * FROM `t_cat` ORDER BY cat_id desc LIMIT 0,5   [ RunTime:0.0015s ]
SQL: SHOW COLUMNS FROM `t_art` [ RunTime:0.0357s ]
SQL: SELECT * FROM `t_art` ORDER BY art_id desc LIMIT 0,5   [ RunTime:0.0027s ]
SQL: SELECT * FROM `t_art` ORDER BY art_click desc LIMIT 0,5   [ RunTime:0.0023s ]
SQL: SELECT * FROM `t_art` ORDER BY art_pubtime desc LIMIT 0,5   [ RunTime:0.0023s ]
SQL: SELECT COUNT(*) AS tp_count FROM `t_art` LIMIT 1   [ RunTime:0.0011s ]
INFO: [ view_parse ] --START--
INFO: [ template_filter ] --START--
INFO: Run Behavior\ContentReplaceBehavior [ RunTime:0.000135s ]
INFO: [ template_filter ] --END-- [ RunTime:0.000312s ]
INFO: Run Behavior\ParseTemplateBehavior [ RunTime:0.043841s ]
INFO: [ view_parse ] --END-- [ RunTime:0.044018s ]
INFO: [ view_filter ] --START--
INFO: Run Behavior\WriteHtmlCacheBehavior [ RunTime:0.002598s ]
INFO: [ view_filter ] --END-- [ RunTime:0.002777s ]
INFO: [ app_end ] --START--
INFO: Run Behavior\ShowPageTraceBehavior [ RunTime:0.003205s ]
INFO: [ app_end ] --END-- [ RunTime:0.003386s ]

[ 2017-06-11T00:33:26+08:00 ] ::1 /myblog/Home/Index/index
INFO: [ app_init ] --START--
INFO: Run Behavior\BuildLiteBehavior [ RunTime:0.000057s ]
INFO: [ app_init ] --END-- [ RunTime:0.003186s ]
INFO: [ app_begin ] --START--
INFO: Run Behavior\ReadHtmlCacheBehavior [ RunTime:0.003667s ]
INFO: [ app_begin ] --END-- [ RunTime:0.003885s ]
SQL: SHOW COLUMNS FROM `t_cat` [ RunTime:0.0340s ]
SQL: SELECT * FROM `t_cat` ORDER BY cat_id desc LIMIT 0,5   [ RunTime:0.0015s ]
SQL: SHOW COLUMNS FROM `t_art` [ RunTime:0.0330s ]
SQL: SELECT * FROM `t_art` ORDER BY art_id desc LIMIT 0,5   [ RunTime:0.0023s ]
SQL: SELECT * FROM `t_art` ORDER BY art_click desc LIMIT 0,5   [ RunTime:0.0022s ]
SQL: SELECT * FROM `t_art` ORDER BY art_pubtime desc LIMIT 0,5   [ RunTime:0.0024s ]
SQL: SELECT COUNT(*) AS tp_count FROM `t_art` LIMIT 1   [ RunTime:0.0012s ]
INFO: [ view_parse ] --START--
INFO: [ template_filter ] --START--
INFO: Run Behavior\ContentReplaceBehavior [ RunTime:0.000226s ]
INFO: [ template_filter ] --END-- [ RunTime:0.000433s ]
ERR: syntax error, unexpected '<', expecting variable (T_VARIABLE) or '{' or '$'

[ 2017-06-11T00:34:52+08:00 ] ::1 /myblog/Home/Index/index
INFO: [ app_init ] --START--
INFO: Run Behavior\BuildLiteBehavior [ RunTime:0.000041s ]
INFO: [ app_init ] --END-- [ RunTime:0.001764s ]
INFO: [ app_begin ] --START--
INFO: Run Behavior\ReadHtmlCacheBehavior [ RunTime:0.032314s ]
INFO: [ app_begin ] --END-- [ RunTime:0.032497s ]
SQL: SHOW COLUMNS FROM `t_cat` [ RunTime:0.0268s ]
SQL: SELECT * FROM `t_cat` ORDER BY cat_id desc LIMIT 0,5   [ RunTime:0.0019s ]
SQL: SHOW COLUMNS FROM `t_art` [ RunTime:0.0341s ]
SQL: SELECT * FROM `t_art` ORDER BY art_id desc LIMIT 0,5   [ RunTime:0.0022s ]
SQL: SELECT * FROM `t_art` ORDER BY art_click desc LIMIT 0,5   [ RunTime:0.0021s ]
SQL: SELECT * FROM `t_art` ORDER BY art_pubtime desc LIMIT 0,5   [ RunTime:0.0022s ]
SQL: SELECT COUNT(*) AS tp_count FROM `t_art` LIMIT 1   [ RunTime:0.0008s ]
INFO: [ view_parse ] --START--
INFO: [ template_filter ] --START--
INFO: Run Behavior\ContentReplaceBehavior [ RunTime:0.000125s ]
INFO: [ template_filter ] --END-- [ RunTime:0.000282s ]
ERR: syntax error, unexpected '<', expecting variable (T_VARIABLE) or '{' or '$'

[ 2017-06-11T00:35:24+08:00 ] ::1 /myblog/Home/Index/index/p/2.html
INFO: [ app_init ] --START--
INFO: Run Behavior\BuildLiteBehavior [ RunTime:0.000040s ]
INFO: [ app_init ] --END-- [ RunTime:0.001909s ]
INFO: [ app_begin ] --START--
INFO: Run Behavior\ReadHtmlCacheBehavior [ RunTime:0.006053s ]
INFO: [ app_begin ] --END-- [ RunTime:0.006278s ]
SQL: SHOW COLUMNS FROM `t_cat` [ RunTime:0.0635s ]
SQL: SELECT * FROM `t_cat` ORDER BY cat_id desc LIMIT 0,5   [ RunTime:0.0015s ]
SQL: SHOW COLUMNS FROM `t_art` [ RunTime:0.0346s ]
SQL: SELECT * FROM `t_art` ORDER BY art_id desc LIMIT 5,5   [ RunTime:0.0032s ]
SQL: SELECT * FROM `t_art` ORDER BY art_click desc LIMIT 0,5   [ RunTime:0.0047s ]
SQL: SELECT * FROM `t_art` ORDER BY art_pubtime desc LIMIT 0,5   [ RunTime:0.0027s ]
SQL: SELECT COUNT(*) AS tp_count FROM `t_art` LIMIT 1   [ RunTime:0.0013s ]
INFO: [ view_parse ] --START--
INFO: [ template_filter ] --START--
INFO: Run Behavior\ContentReplaceBehavior [ RunTime:0.000137s ]
INFO: [ template_filter ] --END-- [ RunTime:0.000307s ]
INFO: Run Behavior\ParseTemplateBehavior [ RunTime:0.034859s ]
INFO: [ view_parse ] --END-- [ RunTime:0.035088s ]
INFO: [ view_filter ] --START--
INFO: Run Behavior\WriteHtmlCacheBehavior [ RunTime:0.002378s ]
INFO: [ view_filter ] --END-- [ RunTime:0.002556s ]
INFO: [ app_end ] --START--
INFO: Run Behavior\ShowPageTraceBehavior [ RunTime:0.003342s ]
INFO: [ app_end ] --END-- [ RunTime:0.003536s ]

[ 2017-06-11T00:35:30+08:00 ] ::1 /myblog/Home/Index/index/p/3.html
INFO: [ app_init ] --START--
INFO: Run Behavior\BuildLiteBehavior [ RunTime:0.000034s ]
INFO: [ app_init ] --END-- [ RunTime:0.003391s ]
INFO: [ app_begin ] --START--
INFO: Run Behavior\ReadHtmlCacheBehavior [ RunTime:0.024421s ]
INFO: [ app_begin ] --END-- [ RunTime:0.024773s ]
SQL: SHOW COLUMNS FROM `t_cat` [ RunTime:0.0513s ]
SQL: SELECT * FROM `t_cat` ORDER BY cat_id desc LIMIT 0,5   [ RunTime:0.0013s ]
SQL: SHOW COLUMNS FROM `t_art` [ RunTime:0.1125s ]
SQL: SELECT * FROM `t_art` ORDER BY art_id desc LIMIT 10,5   [ RunTime:0.0029s ]
SQL: SELECT * FROM `t_art` ORDER BY art_click desc LIMIT 0,5   [ RunTime:0.0021s ]
SQL: SELECT * FROM `t_art` ORDER BY art_pubtime desc LIMIT 0,5   [ RunTime:0.0025s ]
SQL: SELECT COUNT(*) AS tp_count FROM `t_art` LIMIT 1   [ RunTime:0.0017s ]
INFO: [ view_parse ] --START--
INFO: [ template_filter ] --START--
INFO: Run Behavior\ContentReplaceBehavior [ RunTime:0.000188s ]
INFO: [ template_filter ] --END-- [ RunTime:0.000572s ]
INFO: Run Behavior\ParseTemplateBehavior [ RunTime:0.051903s ]
INFO: [ view_parse ] --END-- [ RunTime:0.052099s ]
INFO: [ view_filter ] --START--
INFO: Run Behavior\WriteHtmlCacheBehavior [ RunTime:0.002264s ]
INFO: [ view_filter ] --END-- [ RunTime:0.002470s ]
INFO: [ app_end ] --START--
INFO: Run Behavior\ShowPageTraceBehavior [ RunTime:0.002948s ]
INFO: [ app_end ] --END-- [ RunTime:0.003150s ]

[ 2017-06-11T00:36:46+08:00 ] ::1 /myblog/Home/Index/index.html
INFO: [ app_init ] --START--
INFO: Run Behavior\BuildLiteBehavior [ RunTime:0.000022s ]
INFO: [ app_init ] --END-- [ RunTime:0.000865s ]
INFO: [ app_begin ] --START--
INFO: Run Behavior\ReadHtmlCacheBehavior [ RunTime:0.000933s ]
INFO: [ app_begin ] --END-- [ RunTime:0.001014s ]
SQL: SHOW COLUMNS FROM `t_cat` [ RunTime:0.0283s ]
SQL: SELECT * FROM `t_cat` ORDER BY cat_id desc LIMIT 0,5   [ RunTime:0.0015s ]
SQL: SHOW COLUMNS FROM `t_art` [ RunTime:0.0376s ]
SQL: SELECT * FROM `t_art` ORDER BY art_id desc LIMIT 0,5   [ RunTime:0.0022s ]
SQL: SELECT * FROM `t_art` ORDER BY art_click desc LIMIT 0,5   [ RunTime:0.0018s ]
SQL: SELECT * FROM `t_art` ORDER BY art_pubtime desc LIMIT 0,5   [ RunTime:0.0022s ]
SQL: SELECT COUNT(*) AS tp_count FROM `t_art` LIMIT 1   [ RunTime:0.0023s ]
INFO: [ view_parse ] --START--
INFO: [ template_filter ] --START--
INFO: Run Behavior\ContentReplaceBehavior [ RunTime:0.000129s ]
INFO: [ template_filter ] --END-- [ RunTime:0.000307s ]
INFO: Run Behavior\ParseTemplateBehavior [ RunTime:0.039889s ]
INFO: [ view_parse ] --END-- [ RunTime:0.040055s ]
INFO: [ view_filter ] --START--
INFO: Run Behavior\WriteHtmlCacheBehavior [ RunTime:0.002085s ]
INFO: [ view_filter ] --END-- [ RunTime:0.002268s ]
INFO: [ app_end ] --START--
INFO: Run Behavior\ShowPageTraceBehavior [ RunTime:0.002523s ]
INFO: [ app_end ] --END-- [ RunTime:0.002687s ]

[ 2017-06-11T00:37:43+08:00 ] ::1 /myblog/Home/Index/index
INFO: [ app_init ] --START--
INFO: Run Behavior\BuildLiteBehavior [ RunTime:0.000017s ]
INFO: [ app_init ] --END-- [ RunTime:0.001045s ]
INFO: [ app_begin ] --START--
INFO: Run Behavior\ReadHtmlCacheBehavior [ RunTime:0.001121s ]
INFO: [ app_begin ] --END-- [ RunTime:0.001208s ]
SQL: SHOW COLUMNS FROM `t_cat` [ RunTime:0.0649s ]
SQL: SELECT * FROM `t_cat` ORDER BY cat_id desc LIMIT 0,5   [ RunTime:0.0015s ]
SQL: SHOW COLUMNS FROM `t_art` [ RunTime:0.0356s ]
SQL: SELECT * FROM `t_art` ORDER BY art_id desc LIMIT 0,5   [ RunTime:0.0024s ]
SQL: SELECT * FROM `t_art` ORDER BY art_click desc LIMIT 0,5   [ RunTime:0.0025s ]
SQL: SELECT * FROM `t_art` ORDER BY art_pubtime desc LIMIT 0,5   [ RunTime:0.0026s ]
SQL: SELECT COUNT(*) AS tp_count FROM `t_art` LIMIT 1   [ RunTime:0.0011s ]
INFO: [ view_parse ] --START--
INFO: [ template_filter ] --START--
INFO: Run Behavior\ContentReplaceBehavior [ RunTime:0.000136s ]
INFO: [ template_filter ] --END-- [ RunTime:0.000318s ]
INFO: Run Behavior\ParseTemplateBehavior [ RunTime:0.059569s ]
INFO: [ view_parse ] --END-- [ RunTime:0.059799s ]
INFO: [ view_filter ] --START--
INFO: Run Behavior\WriteHtmlCacheBehavior [ RunTime:0.002772s ]
INFO: [ view_filter ] --END-- [ RunTime:0.002966s ]
INFO: [ app_end ] --START--
INFO: Run Behavior\ShowPageTraceBehavior [ RunTime:0.004973s ]
INFO: [ app_end ] --END-- [ RunTime:0.005145s ]

[ 2017-06-11T00:37:56+08:00 ] ::1 /myblog/Home/Index/index.html
INFO: [ app_init ] --START--
INFO: Run Behavior\BuildLiteBehavior [ RunTime:0.000014s ]
INFO: [ app_init ] --END-- [ RunTime:0.000703s ]
INFO: [ app_begin ] --START--
INFO: Run Behavior\ReadHtmlCacheBehavior [ RunTime:0.001039s ]
INFO: [ app_begin ] --END-- [ RunTime:0.001110s ]
SQL: SHOW COLUMNS FROM `t_cat` [ RunTime:0.0099s ]
SQL: SELECT * FROM `t_cat` ORDER BY cat_id desc LIMIT 0,5   [ RunTime:0.0007s ]
SQL: SHOW COLUMNS FROM `t_art` [ RunTime:0.0110s ]
SQL: SELECT * FROM `t_art` ORDER BY art_id desc LIMIT 0,5   [ RunTime:0.0009s ]
SQL: SELECT * FROM `t_art` ORDER BY art_click desc LIMIT 0,5   [ RunTime:0.0007s ]
SQL: SELECT * FROM `t_art` ORDER BY art_pubtime desc LIMIT 0,5   [ RunTime:0.0009s ]
SQL: SELECT COUNT(*) AS tp_count FROM `t_art` LIMIT 1   [ RunTime:0.0003s ]
INFO: [ view_parse ] --START--
INFO: [ template_filter ] --START--
INFO: Run Behavior\ContentReplaceBehavior [ RunTime:0.000053s ]
INFO: [ template_filter ] --END-- [ RunTime:0.000117s ]
INFO: Run Behavior\ParseTemplateBehavior [ RunTime:0.014216s ]
INFO: [ view_parse ] --END-- [ RunTime:0.014295s ]
INFO: [ view_filter ] --START--
INFO: Run Behavior\WriteHtmlCacheBehavior [ RunTime:0.000844s ]
INFO: [ view_filter ] --END-- [ RunTime:0.000935s ]
INFO: [ app_end ] --START--
INFO: Run Behavior\ShowPageTraceBehavior [ RunTime:0.001179s ]
INFO: [ app_end ] --END-- [ RunTime:0.001271s ]

[ 2017-06-11T00:38:52+08:00 ] ::1 /myblog/Home/Index/index
INFO: [ app_init ] --START--
INFO: Run Behavior\BuildLiteBehavior [ RunTime:0.000013s ]
INFO: [ app_init ] --END-- [ RunTime:0.000612s ]
INFO: [ app_begin ] --START--
INFO: Run Behavior\ReadHtmlCacheBehavior [ RunTime:0.000703s ]
INFO: [ app_begin ] --END-- [ RunTime:0.000754s ]
SQL: SHOW COLUMNS FROM `t_cat` [ RunTime:0.0136s ]
SQL: SELECT * FROM `t_cat` ORDER BY cat_id desc LIMIT 0,5   [ RunTime:0.0008s ]
SQL: SHOW COLUMNS FROM `t_art` [ RunTime:0.0157s ]
SQL: SELECT * FROM `t_art` ORDER BY art_id desc LIMIT 0,5   [ RunTime:0.0006s ]
SQL: SELECT * FROM `t_art` ORDER BY art_click desc LIMIT 0,5   [ RunTime:0.0011s ]
SQL: SELECT * FROM `t_art` ORDER BY art_pubtime desc LIMIT 0,5   [ RunTime:0.0008s ]
SQL: SELECT COUNT(*) AS tp_count FROM `t_art` LIMIT 1   [ RunTime:0.0006s ]
INFO: [ view_parse ] --START--
INFO: [ template_filter ] --START--
INFO: Run Behavior\ContentReplaceBehavior [ RunTime:0.000059s ]
INFO: [ template_filter ] --END-- [ RunTime:0.000145s ]
INFO: Run Behavior\ParseTemplateBehavior [ RunTime:0.014780s ]
INFO: [ view_parse ] --END-- [ RunTime:0.014863s ]
INFO: [ view_filter ] --START--
INFO: Run Behavior\WriteHtmlCacheBehavior [ RunTime:0.000691s ]
INFO: [ view_filter ] --END-- [ RunTime:0.000752s ]
INFO: [ app_end ] --START--
INFO: Run Behavior\ShowPageTraceBehavior [ RunTime:0.000992s ]
INFO: [ app_end ] --END-- [ RunTime:0.001067s ]

[ 2017-06-11T00:43:18+08:00 ] ::1 /myblog/Home/index/index
INFO: [ app_init ] --START--
INFO: Run Behavior\BuildLiteBehavior [ RunTime:0.000025s ]
INFO: [ app_init ] --END-- [ RunTime:0.001090s ]
INFO: [ app_begin ] --START--
INFO: Run Behavior\ReadHtmlCacheBehavior [ RunTime:0.006361s ]
INFO: [ app_begin ] --END-- [ RunTime:0.006515s ]
SQL: SHOW COLUMNS FROM `t_cat` [ RunTime:0.0168s ]
SQL: SELECT * FROM `t_cat` ORDER BY cat_id desc LIMIT 0,5   [ RunTime:0.0007s ]
SQL: SHOW COLUMNS FROM `t_art` [ RunTime:0.0121s ]
SQL: SELECT * FROM `t_art` ORDER BY art_id desc LIMIT 0,5   [ RunTime:0.0008s ]
SQL: SELECT * FROM `t_art` ORDER BY art_click desc LIMIT 0,5   [ RunTime:0.0005s ]
SQL: SELECT * FROM `t_art` ORDER BY art_pubtime desc LIMIT 0,5   [ RunTime:0.0005s ]
SQL: SELECT COUNT(*) AS tp_count FROM `t_art` LIMIT 1   [ RunTime:0.0003s ]
INFO: [ view_parse ] --START--
INFO: [ template_filter ] --START--
INFO: Run Behavior\ContentReplaceBehavior [ RunTime:0.000103s ]
INFO: [ template_filter ] --END-- [ RunTime:0.000189s ]
INFO: Run Behavior\ParseTemplateBehavior [ RunTime:0.018020s ]
INFO: [ view_parse ] --END-- [ RunTime:0.018085s ]
INFO: [ view_filter ] --START--
INFO: Run Behavior\WriteHtmlCacheBehavior [ RunTime:0.000660s ]
INFO: [ view_filter ] --END-- [ RunTime:0.000705s ]
INFO: [ app_end ] --START--
INFO: Run Behavior\ShowPageTraceBehavior [ RunTime:0.000920s ]
INFO: [ app_end ] --END-- [ RunTime:0.000965s ]

[ 2017-06-11T01:19:45+08:00 ] ::1 /myblog/Home/Index/index.html
INFO: [ app_init ] --START--
INFO: Run Behavior\BuildLiteBehavior [ RunTime:0.000012s ]
INFO: [ app_init ] --END-- [ RunTime:0.000776s ]
INFO: [ app_begin ] --START--
INFO: Run Behavior\ReadHtmlCacheBehavior [ RunTime:0.002190s ]
INFO: [ app_begin ] --END-- [ RunTime:0.002368s ]
SQL: SHOW COLUMNS FROM `t_cat` [ RunTime:0.0121s ]
SQL: SELECT * FROM `t_cat` ORDER BY cat_id desc LIMIT 0,5   [ RunTime:0.0010s ]
SQL: SHOW COLUMNS FROM `t_art` [ RunTime:0.0135s ]
SQL: SELECT * FROM `t_art` ORDER BY art_id desc LIMIT 0,5   [ RunTime:0.0014s ]
SQL: SELECT * FROM `t_art` ORDER BY art_click desc LIMIT 0,5   [ RunTime:0.0011s ]
SQL: SELECT * FROM `t_art` ORDER BY art_pubtime desc LIMIT 0,5   [ RunTime:0.0011s ]
SQL: SELECT COUNT(*) AS tp_count FROM `t_art` LIMIT 1   [ RunTime:0.0005s ]
INFO: [ view_parse ] --START--
INFO: [ template_filter ] --START--
INFO: Run Behavior\ContentReplaceBehavior [ RunTime:0.000057s ]
INFO: [ template_filter ] --END-- [ RunTime:0.000129s ]
INFO: Run Behavior\ParseTemplateBehavior [ RunTime:0.036081s ]
INFO: [ view_parse ] --END-- [ RunTime:0.036158s ]
INFO: [ view_filter ] --START--
INFO: Run Behavior\WriteHtmlCacheBehavior [ RunTime:0.001815s ]
INFO: [ view_filter ] --END-- [ RunTime:0.001896s ]
INFO: [ app_end ] --START--
INFO: Run Behavior\ShowPageTraceBehavior [ RunTime:0.002109s ]
INFO: [ app_end ] --END-- [ RunTime:0.002304s ]

[ 2017-06-11T01:20:34+08:00 ] ::1 /myblog/Home/Art/artDetail/art_id/2.html
INFO: [ app_init ] --START--
INFO: Run Behavior\BuildLiteBehavior [ RunTime:0.000031s ]
INFO: [ app_init ] --END-- [ RunTime:0.002377s ]
INFO: [ app_begin ] --START--
INFO: Run Behavior\ReadHtmlCacheBehavior [ RunTime:0.047853s ]
INFO: [ app_begin ] --END-- [ RunTime:0.048160s ]
SQL: SHOW COLUMNS FROM `t_art` [ RunTime:0.0190s ]
SQL: SELECT * FROM `t_art` WHERE `art_id` = 2 LIMIT 1   [ RunTime:0.0012s ]
SQL: UPDATE `t_art` SET `art_click`='1' WHERE `art_id` = 2 [ RunTime:0.0010s ]
SQL: SHOW COLUMNS FROM `t_cat` [ RunTime:0.0120s ]
NOTIC: [8] Undefined index: art_catid D:\phpStudy\WWW\myblog\Application\Home\Controller\ArtController.class.php 第 14 行.
SQL: SELECT * FROM `t_cat` WHERE `cat_id` = null LIMIT 1   [ RunTime:0.0006s ]
INFO: [ view_parse ] --START--
INFO: [ template_filter ] --START--
INFO: Run Behavior\ContentReplaceBehavior [ RunTime:0.000057s ]
INFO: [ template_filter ] --END-- [ RunTime:0.000151s ]
NOTIC: [8] Undefined index: cat_name D:\phpStudy\WWW\myblog\Application\Runtime\Cache\Home\eca80f747a867b79e708e083aa37d978.php 第 39 行.
INFO: Run Behavior\ParseTemplateBehavior [ RunTime:0.036812s ]
INFO: [ view_parse ] --END-- [ RunTime:0.036882s ]
INFO: [ view_filter ] --START--
INFO: Run Behavior\WriteHtmlCacheBehavior [ RunTime:0.002186s ]
INFO: [ view_filter ] --END-- [ RunTime:0.002283s ]
INFO: [ app_end ] --START--
INFO: Run Behavior\ShowPageTraceBehavior [ RunTime:0.002585s ]
INFO: [ app_end ] --END-- [ RunTime:0.002686s ]

[ 2017-06-11T01:20:55+08:00 ] ::1 /myblog/Home/Art/artDetail/art_id/2.html
INFO: [ app_init ] --START--
INFO: Run Behavior\BuildLiteBehavior [ RunTime:0.000024s ]
INFO: [ app_init ] --END-- [ RunTime:0.001084s ]
INFO: [ app_begin ] --START--
INFO: Run Behavior\ReadHtmlCacheBehavior [ RunTime:0.001201s ]
INFO: [ app_begin ] --END-- [ RunTime:0.001288s ]
SQL: SHOW COLUMNS FROM `t_art` [ RunTime:0.0149s ]
SQL: SELECT * FROM `t_art` WHERE `art_id` = 2 LIMIT 1   [ RunTime:0.0011s ]
SQL: UPDATE `t_art` SET `art_click`='2' WHERE `art_id` = 2 [ RunTime:0.0009s ]
SQL: SHOW COLUMNS FROM `t_cat` [ RunTime:0.0108s ]
NOTIC: [8] Undefined index: art_catid D:\phpStudy\WWW\myblog\Application\Home\Controller\ArtController.class.php 第 14 行.
SQL: SELECT * FROM `t_cat` WHERE `cat_id` = null LIMIT 1   [ RunTime:0.0005s ]
INFO: [ view_parse ] --START--
INFO: [ template_filter ] --START--
INFO: Run Behavior\ContentReplaceBehavior [ RunTime:0.000073s ]
INFO: [ template_filter ] --END-- [ RunTime:0.000168s ]
NOTIC: [8] Undefined index: cat_name D:\phpStudy\WWW\myblog\Application\Runtime\Cache\Home\eca80f747a867b79e708e083aa37d978.php 第 39 行.
INFO: Run Behavior\ParseTemplateBehavior [ RunTime:0.014978s ]
INFO: [ view_parse ] --END-- [ RunTime:0.015045s ]
INFO: [ view_filter ] --START--
INFO: Run Behavior\WriteHtmlCacheBehavior [ RunTime:0.000822s ]
INFO: [ view_filter ] --END-- [ RunTime:0.000882s ]
INFO: [ app_end ] --START--
INFO: Run Behavior\ShowPageTraceBehavior [ RunTime:0.001178s ]
INFO: [ app_end ] --END-- [ RunTime:0.001244s ]

[ 2017-06-11T01:21:02+08:00 ] ::1 /myblog/Home/Art/artDetail/art_id/2.html
INFO: [ app_init ] --START--
INFO: Run Behavior\BuildLiteBehavior [ RunTime:0.000029s ]
INFO: [ app_init ] --END-- [ RunTime:0.001786s ]
INFO: [ app_begin ] --START--
INFO: Run Behavior\ReadHtmlCacheBehavior [ RunTime:0.002676s ]
INFO: [ app_begin ] --END-- [ RunTime:0.002894s ]
SQL: SHOW COLUMNS FROM `t_art` [ RunTime:0.0297s ]
SQL: SELECT * FROM `t_art` WHERE `art_id` = 2 LIMIT 1   [ RunTime:0.0025s ]
SQL: UPDATE `t_art` SET `art_click`='3' WHERE `art_id` = 2 [ RunTime:0.0023s ]
SQL: SHOW COLUMNS FROM `t_cat` [ RunTime:0.0276s ]
NOTIC: [8] Undefined index: art_catid D:\phpStudy\WWW\myblog\Application\Home\Controller\ArtController.class.php 第 14 行.
SQL: SELECT * FROM `t_cat` WHERE `cat_id` = null LIMIT 1   [ RunTime:0.0015s ]
INFO: [ view_parse ] --START--
INFO: [ template_filter ] --START--
INFO: Run Behavior\ContentReplaceBehavior [ RunTime:0.000114s ]
INFO: [ template_filter ] --END-- [ RunTime:0.000284s ]
NOTIC: [8] Undefined index: cat_name D:\phpStudy\WWW\myblog\Application\Runtime\Cache\Home\eca80f747a867b79e708e083aa37d978.php 第 39 行.
INFO: Run Behavior\ParseTemplateBehavior [ RunTime:0.024799s ]
INFO: [ view_parse ] --END-- [ RunTime:0.024959s ]
INFO: [ view_filter ] --START--
INFO: Run Behavior\WriteHtmlCacheBehavior [ RunTime:0.001432s ]
INFO: [ view_filter ] --END-- [ RunTime:0.001588s ]
INFO: [ app_end ] --START--
INFO: Run Behavior\ShowPageTraceBehavior [ RunTime:0.002653s ]
INFO: [ app_end ] --END-- [ RunTime:0.002830s ]

[ 2017-06-11T01:21:24+08:00 ] ::1 /myblog/Home/Index/index.html
INFO: [ app_init ] --START--
INFO: Run Behavior\BuildLiteBehavior [ RunTime:0.000012s ]
INFO: [ app_init ] --END-- [ RunTime:0.000596s ]
INFO: [ app_begin ] --START--
INFO: Run Behavior\ReadHtmlCacheBehavior [ RunTime:0.000739s ]
INFO: [ app_begin ] --END-- [ RunTime:0.000793s ]
SQL: SHOW COLUMNS FROM `t_cat` [ RunTime:0.0497s ]
SQL: SELECT * FROM `t_cat` ORDER BY cat_id desc LIMIT 0,5   [ RunTime:0.0007s ]
SQL: SHOW COLUMNS FROM `t_art` [ RunTime:0.0119s ]
SQL: SELECT * FROM `t_art` ORDER BY art_id desc LIMIT 0,5   [ RunTime:0.0027s ]
SQL: SELECT * FROM `t_art` ORDER BY art_click desc LIMIT 0,5   [ RunTime:0.0014s ]
SQL: SELECT * FROM `t_art` ORDER BY art_pubtime desc LIMIT 0,5   [ RunTime:0.0016s ]
SQL: SELECT COUNT(*) AS tp_count FROM `t_art` LIMIT 1   [ RunTime:0.0006s ]
INFO: [ view_parse ] --START--
INFO: [ template_filter ] --START--
INFO: Run Behavior\ContentReplaceBehavior [ RunTime:0.000060s ]
INFO: [ template_filter ] --END-- [ RunTime:0.000152s ]
INFO: Run Behavior\ParseTemplateBehavior [ RunTime:0.015328s ]
INFO: [ view_parse ] --END-- [ RunTime:0.015408s ]
INFO: [ view_filter ] --START--
INFO: Run Behavior\WriteHtmlCacheBehavior [ RunTime:0.000691s ]
INFO: [ view_filter ] --END-- [ RunTime:0.000759s ]
INFO: [ app_end ] --START--
INFO: Run Behavior\ShowPageTraceBehavior [ RunTime:0.001142s ]
INFO: [ app_end ] --END-- [ RunTime:0.001215s ]

[ 2017-06-11T01:21:30+08:00 ] ::1 /myblog/Home/Cat/catDetail/cat_id/3.html
INFO: [ app_init ] --START--
INFO: Run Behavior\BuildLiteBehavior [ RunTime:0.000014s ]
INFO: [ app_init ] --END-- [ RunTime:0.000784s ]
INFO: [ app_begin ] --START--
INFO: Run Behavior\ReadHtmlCacheBehavior [ RunTime:0.001131s ]
INFO: [ app_begin ] --END-- [ RunTime:0.001209s ]
SQL: SHOW COLUMNS FROM `t_cat` [ RunTime:0.0268s ]
SQL: SELECT * FROM `t_cat` ORDER BY cat_id desc LIMIT 0,5   [ RunTime:0.0020s ]
SQL: SHOW COLUMNS FROM `t_art` [ RunTime:0.0354s ]
SQL: SELECT * FROM `t_art` ORDER BY art_click desc LIMIT 0,5   [ RunTime:0.0033s ]
SQL: SELECT * FROM `t_art` ORDER BY art_pubtime desc LIMIT 0,5   [ RunTime:0.0036s ]
SQL: SELECT * FROM `t_art` WHERE `art_catid` = 3 LIMIT 0,5   [ RunTime:0.0030s ]
SQL: SELECT COUNT(*) AS tp_count FROM `t_art` WHERE `art_catid` = 3 LIMIT 1   [ RunTime:0.0031s ]
INFO: [ view_parse ] --START--
INFO: [ template_filter ] --START--
INFO: Run Behavior\ContentReplaceBehavior [ RunTime:0.000134s ]
INFO: [ template_filter ] --END-- [ RunTime:0.000321s ]
INFO: Run Behavior\ParseTemplateBehavior [ RunTime:0.074711s ]
INFO: [ view_parse ] --END-- [ RunTime:0.074892s ]
INFO: [ view_filter ] --START--
INFO: Run Behavior\WriteHtmlCacheBehavior [ RunTime:0.002680s ]
INFO: [ view_filter ] --END-- [ RunTime:0.002848s ]
INFO: [ app_end ] --START--
INFO: Run Behavior\ShowPageTraceBehavior [ RunTime:0.004071s ]
INFO: [ app_end ] --END-- [ RunTime:0.004298s ]

[ 2017-06-11T01:21:35+08:00 ] ::1 /myblog/Home/Cat/catDetail/cat_id/4.html
INFO: [ app_init ] --START--
INFO: Run Behavior\BuildLiteBehavior [ RunTime:0.000036s ]
INFO: [ app_init ] --END-- [ RunTime:0.010764s ]
INFO: [ app_begin ] --START--
INFO: Run Behavior\ReadHtmlCacheBehavior [ RunTime:0.002618s ]
INFO: [ app_begin ] --END-- [ RunTime:0.002806s ]
SQL: SHOW COLUMNS FROM `t_cat` [ RunTime:0.0274s ]
SQL: SELECT * FROM `t_cat` ORDER BY cat_id desc LIMIT 0,5   [ RunTime:0.0016s ]
SQL: SHOW COLUMNS FROM `t_art` [ RunTime:0.0359s ]
SQL: SELECT * FROM `t_art` ORDER BY art_click desc LIMIT 0,5   [ RunTime:0.0031s ]
SQL: SELECT * FROM `t_art` ORDER BY art_pubtime desc LIMIT 0,5   [ RunTime:0.0029s ]
SQL: SELECT * FROM `t_art` WHERE `art_catid` = 4 LIMIT 0,5   [ RunTime:0.0017s ]
SQL: SELECT COUNT(*) AS tp_count FROM `t_art` WHERE `art_catid` = 4 LIMIT 1   [ RunTime:0.0014s ]
INFO: [ view_parse ] --START--
INFO: [ template_filter ] --START--
INFO: Run Behavior\ContentReplaceBehavior [ RunTime:0.000149s ]
INFO: [ template_filter ] --END-- [ RunTime:0.000351s ]
INFO: Run Behavior\ParseTemplateBehavior [ RunTime:0.034832s ]
INFO: [ view_parse ] --END-- [ RunTime:0.035005s ]
INFO: [ view_filter ] --START--
INFO: Run Behavior\WriteHtmlCacheBehavior [ RunTime:0.001597s ]
INFO: [ view_filter ] --END-- [ RunTime:0.001753s ]
INFO: [ app_end ] --START--
INFO: Run Behavior\ShowPageTraceBehavior [ RunTime:0.002469s ]
INFO: [ app_end ] --END-- [ RunTime:0.002692s ]

[ 2017-06-11T01:21:43+08:00 ] ::1 /myblog/Home/Cat/catDetail/cat_id/2.html
INFO: [ app_init ] --START--
INFO: Run Behavior\BuildLiteBehavior [ RunTime:0.000015s ]
INFO: [ app_init ] --END-- [ RunTime:0.000870s ]
INFO: [ app_begin ] --START--
INFO: Run Behavior\ReadHtmlCacheBehavior [ RunTime:0.000899s ]
INFO: [ app_begin ] --END-- [ RunTime:0.000972s ]
SQL: SHOW COLUMNS FROM `t_cat` [ RunTime:0.0121s ]
SQL: SELECT * FROM `t_cat` ORDER BY cat_id desc LIMIT 0,5   [ RunTime:0.0008s ]
SQL: SHOW COLUMNS FROM `t_art` [ RunTime:0.0134s ]
SQL: SELECT * FROM `t_art` ORDER BY art_click desc LIMIT 0,5   [ RunTime:0.0015s ]
SQL: SELECT * FROM `t_art` ORDER BY art_pubtime desc LIMIT 0,5   [ RunTime:0.0015s ]
SQL: SELECT * FROM `t_art` WHERE `art_catid` = 2 LIMIT 0,5   [ RunTime:0.0006s ]
SQL: SELECT COUNT(*) AS tp_count FROM `t_art` WHERE `art_catid` = 2 LIMIT 1   [ RunTime:0.0006s ]
INFO: [ view_parse ] --START--
INFO: [ template_filter ] --START--
INFO: Run Behavior\ContentReplaceBehavior [ RunTime:0.000060s ]
INFO: [ template_filter ] --END-- [ RunTime:0.000135s ]
INFO: Run Behavior\ParseTemplateBehavior [ RunTime:0.013531s ]
INFO: [ view_parse ] --END-- [ RunTime:0.013608s ]
INFO: [ view_filter ] --START--
INFO: Run Behavior\WriteHtmlCacheBehavior [ RunTime:0.000906s ]
INFO: [ view_filter ] --END-- [ RunTime:0.000976s ]
INFO: [ app_end ] --START--
INFO: Run Behavior\ShowPageTraceBehavior [ RunTime:0.001087s ]
INFO: [ app_end ] --END-- [ RunTime:0.001167s ]

[ 2017-06-11T01:21:46+08:00 ] ::1 /myblog/Home/Cat/catDetail/cat_id/1.html
INFO: [ app_init ] --START--
INFO: Run Behavior\BuildLiteBehavior [ RunTime:0.000019s ]
INFO: [ app_init ] --END-- [ RunTime:0.000621s ]
INFO: [ app_begin ] --START--
INFO: Run Behavior\ReadHtmlCacheBehavior [ RunTime:0.000898s ]
INFO: [ app_begin ] --END-- [ RunTime:0.000962s ]
SQL: SHOW COLUMNS FROM `t_cat` [ RunTime:0.0291s ]
SQL: SELECT * FROM `t_cat` ORDER BY cat_id desc LIMIT 0,5   [ RunTime:0.0006s ]
SQL: SHOW COLUMNS FROM `t_art` [ RunTime:0.0123s ]
SQL: SELECT * FROM `t_art` ORDER BY art_click desc LIMIT 0,5   [ RunTime:0.0015s ]
SQL: SELECT * FROM `t_art` ORDER BY art_pubtime desc LIMIT 0,5   [ RunTime:0.0011s ]
SQL: SELECT * FROM `t_art` WHERE `art_catid` = 1 LIMIT 0,5   [ RunTime:0.0015s ]
SQL: SELECT COUNT(*) AS tp_count FROM `t_art` WHERE `art_catid` = 1 LIMIT 1   [ RunTime:0.0006s ]
INFO: [ view_parse ] --START--
INFO: [ template_filter ] --START--
INFO: Run Behavior\ContentReplaceBehavior [ RunTime:0.000115s ]
INFO: [ template_filter ] --END-- [ RunTime:0.000268s ]
INFO: Run Behavior\ParseTemplateBehavior [ RunTime:0.013872s ]
INFO: [ view_parse ] --END-- [ RunTime:0.013945s ]
INFO: [ view_filter ] --START--
INFO: Run Behavior\WriteHtmlCacheBehavior [ RunTime:0.000761s ]
INFO: [ view_filter ] --END-- [ RunTime:0.000831s ]
INFO: [ app_end ] --START--
INFO: Run Behavior\ShowPageTraceBehavior [ RunTime:0.001002s ]
INFO: [ app_end ] --END-- [ RunTime:0.001070s ]

[ 2017-06-11T01:21:51+08:00 ] ::1 /myblog/Home/Cat/catDetail/cat_id/3.html
INFO: [ app_init ] --START--
INFO: Run Behavior\BuildLiteBehavior [ RunTime:0.000015s ]
INFO: [ app_init ] --END-- [ RunTime:0.000762s ]
INFO: [ app_begin ] --START--
INFO: Run Behavior\ReadHtmlCacheBehavior [ RunTime:0.001595s ]
INFO: [ app_begin ] --END-- [ RunTime:0.001696s ]
SQL: SHOW COLUMNS FROM `t_cat` [ RunTime:0.0129s ]
SQL: SELECT * FROM `t_cat` ORDER BY cat_id desc LIMIT 0,5   [ RunTime:0.0010s ]
SQL: SHOW COLUMNS FROM `t_art` [ RunTime:0.0125s ]
SQL: SELECT * FROM `t_art` ORDER BY art_click desc LIMIT 0,5   [ RunTime:0.0015s ]
SQL: SELECT * FROM `t_art` ORDER BY art_pubtime desc LIMIT 0,5   [ RunTime:0.0014s ]
SQL: SELECT * FROM `t_art` WHERE `art_catid` = 3 LIMIT 0,5   [ RunTime:0.0010s ]
SQL: SELECT COUNT(*) AS tp_count FROM `t_art` WHERE `art_catid` = 3 LIMIT 1   [ RunTime:0.0006s ]
INFO: [ view_parse ] --START--
INFO: [ template_filter ] --START--
INFO: Run Behavior\ContentReplaceBehavior [ RunTime:0.000057s ]
INFO: [ template_filter ] --END-- [ RunTime:0.000132s ]
INFO: Run Behavior\ParseTemplateBehavior [ RunTime:0.013106s ]
INFO: [ view_parse ] --END-- [ RunTime:0.013174s ]
INFO: [ view_filter ] --START--
INFO: Run Behavior\WriteHtmlCacheBehavior [ RunTime:0.000538s ]
INFO: [ view_filter ] --END-- [ RunTime:0.000591s ]
INFO: [ app_end ] --START--
INFO: Run Behavior\ShowPageTraceBehavior [ RunTime:0.000858s ]
INFO: [ app_end ] --END-- [ RunTime:0.000912s ]

