[ 2017-06-11T00:19:09+08:00 ] ::1 /myblog/Public/cufon-yui.js
INFO: [ app_init ] --START--
INFO: Run Behavior\BuildLiteBehavior [ RunTime:0.000015s ]
INFO: [ app_init ] --END-- [ RunTime:0.000806s ]
ERR: 无法加载模块:Public

[ 2017-06-11T00:35:24+08:00 ] ::1 /myblog/Public/Upload/thumb/593ba22f1030f.jpg
INFO: [ app_init ] --START--
INFO: Run Behavior\BuildLiteBehavior [ RunTime:0.000038s ]
INFO: [ app_init ] --END-- [ RunTime:0.002219s ]
ERR: 无法加载模块:Public

[ 2017-06-11T00:35:25+08:00 ] ::1 /myblog/Public/thumbUpload/thumb/593ba18420013.jpg
INFO: [ app_init ] --START--
INFO: Run Behavior\BuildLiteBehavior [ RunTime:0.000032s ]
INFO: [ app_init ] --END-- [ RunTime:0.001808s ]
ERR: 无法加载模块:Public

[ 2017-06-11T00:35:28+08:00 ] ::1 /myblog/Public/Upload/thumb/593ba111a85de.jpg
INFO: [ app_init ] --START--
INFO: Run Behavior\BuildLiteBehavior [ RunTime:0.000061s ]
INFO: [ app_init ] --END-- [ RunTime:0.028252s ]
ERR: 无法加载模块:Public

[ 2017-06-11T00:35:31+08:00 ] ::1 /myblog/Public/Upload/thumb/593ba089bb689.jpg
INFO: [ app_init ] --START--
INFO: Run Behavior\BuildLiteBehavior [ RunTime:0.000033s ]
INFO: [ app_init ] --END-- [ RunTime:0.001876s ]
ERR: 无法加载模块:Public

[ 2017-06-11T00:35:32+08:00 ] ::1 /myblog/Public/Upload/thumb/593b9dcc83fc9.png
INFO: [ app_init ] --START--
INFO: Run Behavior\BuildLiteBehavior [ RunTime:0.000033s ]
INFO: [ app_init ] --END-- [ RunTime:0.001913s ]
ERR: 无法加载模块:Public

[ 2017-06-11T00:35:32+08:00 ] ::1 /myblog/Public/Upload/thumb/593b9fd6c651a.jpg
INFO: [ app_init ] --START--
INFO: Run Behavior\BuildLiteBehavior [ RunTime:0.000036s ]
INFO: [ app_init ] --END-- [ RunTime:0.002915s ]
ERR: 无法加载模块:Public

[ 2017-06-11T00:35:32+08:00 ] ::1 /myblog/Public/Upload/thumb/593b9eb5291e9.png
INFO: [ app_init ] --START--
INFO: Run Behavior\BuildLiteBehavior [ RunTime:0.000035s ]
INFO: [ app_init ] --END-- [ RunTime:0.002796s ]
ERR: 无法加载模块:Public

[ 2017-06-11T00:35:33+08:00 ] ::1 /myblog/Public/Upload/thumb/593b9e245caef.png
INFO: [ app_init ] --START--
INFO: Run Behavior\BuildLiteBehavior [ RunTime:0.000029s ]
INFO: [ app_init ] --END-- [ RunTime:0.001762s ]
ERR: 无法加载模块:Public

[ 2017-06-11T00:36:42+08:00 ] ::1 /myblog/Public/cufon-yui.js
INFO: [ app_init ] --START--
INFO: Run Behavior\BuildLiteBehavior [ RunTime:0.000020s ]
INFO: [ app_init ] --END-- [ RunTime:0.001097s ]
ERR: 无法加载模块:Public

[ 2017-06-11T00:37:51+08:00 ] ::1 /myblog/Public/cufon-yui.js
INFO: [ app_init ] --START--
INFO: Run Behavior\BuildLiteBehavior [ RunTime:0.000039s ]
INFO: [ app_init ] --END-- [ RunTime:0.003442s ]
ERR: 无法加载模块:Public

[ 2017-06-11T00:39:08+08:00 ] ::1 /myblog/Public/cufon-yui.js
INFO: [ app_init ] --START--
INFO: Run Behavior\BuildLiteBehavior [ RunTime:0.000022s ]
INFO: [ app_init ] --END-- [ RunTime:0.000810s ]
ERR: 无法加载模块:Public

[ 2017-06-11T00:40:16+08:00 ] ::1 /myblog/Public/cufon-yui.js
INFO: [ app_init ] --START--
INFO: Run Behavior\BuildLiteBehavior [ RunTime:0.000016s ]
INFO: [ app_init ] --END-- [ RunTime:0.000781s ]
ERR: 无法加载模块:Public

[ 2017-06-11T00:43:23+08:00 ] ::1 /myblog/Public/cufon-yui.js
INFO: [ app_init ] --START--
INFO: Run Behavior\BuildLiteBehavior [ RunTime:0.000012s ]
INFO: [ app_init ] --END-- [ RunTime:0.000590s ]
ERR: 无法加载模块:Public

[ 2017-06-11T00:44:10+08:00 ] ::1 /myblog/Public/cufon-yui.js
INFO: [ app_init ] --START--
INFO: Run Behavior\BuildLiteBehavior [ RunTime:0.000013s ]
INFO: [ app_init ] --END-- [ RunTime:0.000636s ]
ERR: 无法加载模块:Public

[ 2017-06-11T00:44:31+08:00 ] ::1 /myblog/Public/cufon-yui.js
INFO: [ app_init ] --START--
INFO: Run Behavior\BuildLiteBehavior [ RunTime:0.000011s ]
INFO: [ app_init ] --END-- [ RunTime:0.000574s ]
ERR: 无法加载模块:Public

[ 2017-06-11T00:47:12+08:00 ] ::1 /myblog/Public/cufon-yui.js
INFO: [ app_init ] --START--
INFO: Run Behavior\BuildLiteBehavior [ RunTime:0.000014s ]
INFO: [ app_init ] --END-- [ RunTime:0.000721s ]
ERR: 无法加载模块:Public

[ 2017-06-11T00:50:17+08:00 ] ::1 /myblog/Public/cufon-yui.js
INFO: [ app_init ] --START--
INFO: Run Behavior\BuildLiteBehavior [ RunTime:0.000065s ]
INFO: [ app_init ] --END-- [ RunTime:0.003101s ]
ERR: 无法加载模块:Public

[ 2017-06-11T00:50:18+08:00 ] ::1 /myblog/Public/lang/zh-cn/zh-cn.js
INFO: [ app_init ] --START--
INFO: Run Behavior\BuildLiteBehavior [ RunTime:0.000032s ]
INFO: [ app_init ] --END-- [ RunTime:0.001832s ]
ERR: 无法加载模块:Public

[ 2017-06-11T00:50:37+08:00 ] ::1 /myblog/Public/cufon-yui.js
INFO: [ app_init ] --START--
INFO: Run Behavior\BuildLiteBehavior [ RunTime:0.000018s ]
INFO: [ app_init ] --END-- [ RunTime:0.000840s ]
ERR: 无法加载模块:Public

[ 2017-06-11T00:52:01+08:00 ] ::1 /myblog/Public/cufon-yui.js
INFO: [ app_init ] --START--
INFO: Run Behavior\BuildLiteBehavior [ RunTime:0.000058s ]
INFO: [ app_init ] --END-- [ RunTime:0.004563s ]
ERR: 无法加载模块:Public

[ 2017-06-11T00:52:25+08:00 ] ::1 /myblog/Public/cufon-yui.js
INFO: [ app_init ] --START--
INFO: Run Behavior\BuildLiteBehavior [ RunTime:0.000018s ]
INFO: [ app_init ] --END-- [ RunTime:0.000879s ]
ERR: 无法加载模块:Public

[ 2017-06-11T00:52:42+08:00 ] ::1 /myblog/Public/cufon-yui.js
INFO: [ app_init ] --START--
INFO: Run Behavior\BuildLiteBehavior [ RunTime:0.000074s ]
INFO: [ app_init ] --END-- [ RunTime:0.002018s ]
ERR: 无法加载模块:Public

[ 2017-06-11T00:53:51+08:00 ] ::1 /myblog/Public/cufon-yui.js
INFO: [ app_init ] --START--
INFO: Run Behavior\BuildLiteBehavior [ RunTime:0.000014s ]
INFO: [ app_init ] --END-- [ RunTime:0.000750s ]
ERR: 无法加载模块:Public

[ 2017-06-11T00:54:40+08:00 ] ::1 /myblog/Public/cufon-yui.js
INFO: [ app_init ] --START--
INFO: Run Behavior\BuildLiteBehavior [ RunTime:0.000026s ]
INFO: [ app_init ] --END-- [ RunTime:0.001122s ]
ERR: 无法加载模块:Public

[ 2017-06-11T00:55:03+08:00 ] ::1 /myblog/Public/cufon-yui.js
INFO: [ app_init ] --START--
INFO: Run Behavior\BuildLiteBehavior [ RunTime:0.000017s ]
INFO: [ app_init ] --END-- [ RunTime:0.000778s ]
ERR: 无法加载模块:Public

[ 2017-06-11T00:55:05+08:00 ] ::1 /myblog/Public/cufon-yui.js
INFO: [ app_init ] --START--
INFO: Run Behavior\BuildLiteBehavior [ RunTime:0.000016s ]
INFO: [ app_init ] --END-- [ RunTime:0.000975s ]
ERR: 无法加载模块:Public

[ 2017-06-11T00:58:26+08:00 ] ::1 /myblog/Public/cufon-yui.js
INFO: [ app_init ] --START--
INFO: Run Behavior\BuildLiteBehavior [ RunTime:0.000016s ]
INFO: [ app_init ] --END-- [ RunTime:0.000698s ]
ERR: 无法加载模块:Public

[ 2017-06-11T01:02:06+08:00 ] ::1 /myblog/Public/cufon-yui.js
INFO: [ app_init ] --START--
INFO: Run Behavior\BuildLiteBehavior [ RunTime:0.000034s ]
INFO: [ app_init ] --END-- [ RunTime:0.001890s ]
ERR: 无法加载模块:Public

[ 2017-06-11T01:02:46+08:00 ] ::1 /myblog/Public/cufon-yui.js
INFO: [ app_init ] --START--
INFO: Run Behavior\BuildLiteBehavior [ RunTime:0.000031s ]
INFO: [ app_init ] --END-- [ RunTime:0.001817s ]
ERR: 无法加载模块:Public

[ 2017-06-11T01:03:45+08:00 ] ::1 /myblog/Public/cufon-yui.js
INFO: [ app_init ] --START--
INFO: Run Behavior\BuildLiteBehavior [ RunTime:0.000014s ]
INFO: [ app_init ] --END-- [ RunTime:0.000661s ]
ERR: 无法加载模块:Public

[ 2017-06-11T01:03:48+08:00 ] ::1 /myblog/Public/cufon-yui.js
INFO: [ app_init ] --START--
INFO: Run Behavior\BuildLiteBehavior [ RunTime:0.000016s ]
INFO: [ app_init ] --END-- [ RunTime:0.001053s ]
ERR: 无法加载模块:Public

[ 2017-06-11T01:04:12+08:00 ] ::1 /myblog/Public/cufon-yui.js
INFO: [ app_init ] --START--
INFO: Run Behavior\BuildLiteBehavior [ RunTime:0.000025s ]
INFO: [ app_init ] --END-- [ RunTime:0.001017s ]
ERR: 无法加载模块:Public

[ 2017-06-11T01:04:44+08:00 ] ::1 /myblog/Public/cufon-yui.js
INFO: [ app_init ] --START--
INFO: Run Behavior\BuildLiteBehavior [ RunTime:0.000019s ]
INFO: [ app_init ] --END-- [ RunTime:0.000864s ]
ERR: 无法加载模块:Public

[ 2017-06-11T01:06:39+08:00 ] ::1 /myblog/Public/cufon-yui.js
INFO: [ app_init ] --START--
INFO: Run Behavior\BuildLiteBehavior [ RunTime:0.000015s ]
INFO: [ app_init ] --END-- [ RunTime:0.000726s ]
ERR: 无法加载模块:Public

[ 2017-06-11T01:06:55+08:00 ] ::1 /myblog/Public/cufon-yui.js
INFO: [ app_init ] --START--
INFO: Run Behavior\BuildLiteBehavior [ RunTime:0.000037s ]
INFO: [ app_init ] --END-- [ RunTime:0.002128s ]
ERR: 无法加载模块:Public

[ 2017-06-11T01:07:07+08:00 ] ::1 /myblog/Public/cufon-yui.js
INFO: [ app_init ] --START--
INFO: Run Behavior\BuildLiteBehavior [ RunTime:0.000016s ]
INFO: [ app_init ] --END-- [ RunTime:0.000772s ]
ERR: 无法加载模块:Public

[ 2017-06-11T01:09:23+08:00 ] ::1 /myblog/Public/cufon-yui.js
INFO: [ app_init ] --START--
INFO: Run Behavior\BuildLiteBehavior [ RunTime:0.000018s ]
INFO: [ app_init ] --END-- [ RunTime:0.000810s ]
ERR: 无法加载模块:Public

[ 2017-06-11T01:09:44+08:00 ] ::1 /myblog/Public/cufon-yui.js
INFO: [ app_init ] --START--
INFO: Run Behavior\BuildLiteBehavior [ RunTime:0.000019s ]
INFO: [ app_init ] --END-- [ RunTime:0.000854s ]
ERR: 无法加载模块:Public

[ 2017-06-11T01:09:45+08:00 ] ::1 /myblog/Public/lang/zh-cn/zh-cn.js
INFO: [ app_init ] --START--
INFO: Run Behavior\BuildLiteBehavior [ RunTime:0.000026s ]
INFO: [ app_init ] --END-- [ RunTime:0.000980s ]
ERR: 无法加载模块:Public

[ 2017-06-11T01:14:12+08:00 ] ::1 /myblog/Public/cufon-yui.js
INFO: [ app_init ] --START--
INFO: Run Behavior\BuildLiteBehavior [ RunTime:0.000019s ]
INFO: [ app_init ] --END-- [ RunTime:0.002025s ]
ERR: 无法加载模块:Public

[ 2017-06-11T01:14:16+08:00 ] ::1 /myblog/Public/cufon-yui.js
INFO: [ app_init ] --START--
INFO: Run Behavior\BuildLiteBehavior [ RunTime:0.000019s ]
INFO: [ app_init ] --END-- [ RunTime:0.001182s ]
ERR: 无法加载模块:Public

[ 2017-06-11T01:14:44+08:00 ] ::1 /myblog/Public/cufon-yui.js
INFO: [ app_init ] --START--
INFO: Run Behavior\BuildLiteBehavior [ RunTime:0.000059s ]
INFO: [ app_init ] --END-- [ RunTime:0.002334s ]
ERR: 无法加载模块:Public

[ 2017-06-11T01:14:45+08:00 ] ::1 /myblog/Public/lang/zh-cn/zh-cn.js
INFO: [ app_init ] --START--
INFO: Run Behavior\BuildLiteBehavior [ RunTime:0.000035s ]
INFO: [ app_init ] --END-- [ RunTime:0.002414s ]
ERR: 无法加载模块:Public

[ 2017-06-11T01:17:09+08:00 ] ::1 /myblog/Public/cufon-yui.js
INFO: [ app_init ] --START--
INFO: Run Behavior\BuildLiteBehavior [ RunTime:0.000014s ]
INFO: [ app_init ] --END-- [ RunTime:0.000958s ]
ERR: 无法加载模块:Public

[ 2017-06-11T01:17:13+08:00 ] ::1 /myblog/Public/lang/zh-cn/zh-cn.js
INFO: [ app_init ] --START--
INFO: Run Behavior\BuildLiteBehavior [ RunTime:0.000038s ]
INFO: [ app_init ] --END-- [ RunTime:0.001285s ]
ERR: 无法加载模块:Public

[ 2017-06-11T01:17:14+08:00 ] ::1 /myblog/Public/cufon-yui.js
INFO: [ app_init ] --START--
INFO: Run Behavior\BuildLiteBehavior [ RunTime:0.000040s ]
INFO: [ app_init ] --END-- [ RunTime:0.003668s ]
ERR: 无法加载模块:Public

[ 2017-06-11T01:17:15+08:00 ] ::1 /myblog/Public/lang/zh-cn/zh-cn.js
INFO: [ app_init ] --START--
INFO: Run Behavior\BuildLiteBehavior [ RunTime:0.000036s ]
INFO: [ app_init ] --END-- [ RunTime:0.019946s ]
ERR: 无法加载模块:Public

[ 2017-06-11T01:19:23+08:00 ] ::1 /myblog/Public/cufon-yui.js
INFO: [ app_init ] --START--
INFO: Run Behavior\BuildLiteBehavior [ RunTime:0.000015s ]
INFO: [ app_init ] --END-- [ RunTime:0.001090s ]
ERR: 无法加载模块:Public

[ 2017-06-11T01:19:42+08:00 ] ::1 /myblog/Public/cufon-yui.js
INFO: [ app_init ] --START--
INFO: Run Behavior\BuildLiteBehavior [ RunTime:0.000020s ]
INFO: [ app_init ] --END-- [ RunTime:0.001565s ]
ERR: 无法加载模块:Public

[ 2017-06-11T01:22:17+08:00 ] ::1 /myblog/Public/cufon-yui.js
INFO: [ app_init ] --START--
INFO: Run Behavior\BuildLiteBehavior [ RunTime:0.000015s ]
INFO: [ app_init ] --END-- [ RunTime:0.000786s ]
ERR: 无法加载模块:Public

[ 2017-06-11T01:23:06+08:00 ] ::1 /myblog/Public/cufon-yui.js
INFO: [ app_init ] --START--
INFO: Run Behavior\BuildLiteBehavior [ RunTime:0.000018s ]
INFO: [ app_init ] --END-- [ RunTime:0.000812s ]
ERR: 无法加载模块:Public

[ 2017-06-11T01:23:13+08:00 ] ::1 /myblog/Public/cufon-yui.js
INFO: [ app_init ] --START--
INFO: Run Behavior\BuildLiteBehavior [ RunTime:0.000033s ]
INFO: [ app_init ] --END-- [ RunTime:0.002044s ]
ERR: 无法加载模块:Public

[ 2017-06-11T01:23:14+08:00 ] ::1 /myblog/Public/lang/zh-cn/zh-cn.js
INFO: [ app_init ] --START--
INFO: Run Behavior\BuildLiteBehavior [ RunTime:0.000035s ]
INFO: [ app_init ] --END-- [ RunTime:0.002595s ]
ERR: 无法加载模块:Public

[ 2017-06-11T01:24:02+08:00 ] ::1 /myblog/Public/cufon-yui.js
INFO: [ app_init ] --START--
INFO: Run Behavior\BuildLiteBehavior [ RunTime:0.000020s ]
INFO: [ app_init ] --END-- [ RunTime:0.001096s ]
ERR: 无法加载模块:Public

